10 0.082800
20 0.085400
30 0.132200
40 0.235000
50 0.302600
60 0.393400
70 0.446600
80 0.425400
90 0.534200
100 0.542000
110 0.593600
120 0.706600
130 0.828200
140 0.953800
150 1.317600
160 1.433000
170 1.410400
180 1.568400
190 1.757000
200 1.935000
210 2.150200
220 2.340200
230 2.585800
240 2.781800
250 3.048800
260 3.253800
270 3.554200
280 3.770600
290 4.104600
300 4.324200
310 4.681400
320 4.916200
330 5.300600
340 5.556400
350 6.003000
360 6.267800
370 6.681800
380 6.961200
390 7.459800
400 7.696600
410 8.236000
420 8.492000
430 9.078200
440 9.317800
450 9.999000
460 10.206600
470 10.909400
480 11.098000
490 11.871000
500 12.072000
510 12.926000
520 13.045200
530 14.026600
540 14.084200
550 15.064800
560 15.185400
570 16.140600
580 16.252800
590 17.390600
600 17.452400
610 18.558000
620 18.697600
630 19.799000
640 19.924400
650 21.099400
660 21.085600
670 22.398800
680 22.496800
690 23.881000
700 23.877200
710 25.228200
720 25.176200
730 26.667800
740 27.118000
750 28.191000
760 27.886000
770 29.573200
780 29.381800
790 31.253800
800 30.886600
810 32.700000
820 32.536600
830 34.547400
840 34.313800
850 36.099400
860 35.959600
870 37.887800
880 37.486800
890 39.708000
900 39.541000
910 41.891800
920 41.091800
930 43.345800
940 42.928800
950 45.418800
960 44.566400
970 47.285200
980 46.785800
990 49.094600
1000 48.633400
