10 0.058200
20 0.128800
30 0.255600
40 0.438200
50 0.423400
60 0.556400
70 0.621600
80 0.692200
90 0.878600
100 1.084200
110 1.313000
120 1.560400
130 1.812400
140 2.093200
150 2.422800
160 2.748200
170 3.116800
180 3.454800
190 3.873000
200 4.277600
210 4.738400
220 5.155800
230 5.688800
240 6.135800
250 6.723000
260 7.197000
270 7.839000
280 8.342000
290 9.055800
300 9.576600
310 10.343800
320 10.943200
330 11.721000
340 13.108200
350 13.272800
360 13.782000
370 14.719200
380 15.367000
390 16.514400
400 17.076600
410 18.369000
420 18.808000
430 20.029000
440 20.599600
450 22.028600
460 22.573000
470 24.122400
480 24.567800
490 26.280800
500 26.660800
510 28.548800
520 28.839800
530 30.928600
540 31.099800
550 33.427200
560 33.502800
570 35.902600
580 35.870200
590 38.475800
600 38.299000
610 41.073400
620 40.944800
630 43.864800
640 43.695400
650 46.820600
660 46.330400
670 49.690600
680 49.290600
690 52.756600
700 52.161000
710 55.823800
720 55.263200
730 59.027800
740 58.410600
750 62.339800
760 61.563000
770 65.742600
780 65.272800
790 69.834600
800 68.235800
810 72.868600
820 71.477200
830 76.467000
840 75.068800
850 80.035400
860 78.987400
870 84.536600
880 82.168600
890 88.024000
900 86.080800
910 92.777000
920 89.950200
930 95.874800
940 94.200400
950 100.349000
960 98.153400
970 104.484200
980 102.084400
990 108.982000
1000 106.330200
