0 0 0 0 0 0 0 0 0 0 
2 0 1 1 1 1 1 1 1 0 
2 1 0 1 1 1 1 1 1 0 
2 1 1 0 1 1 1 1 1 0 
2 1 1 1 0 1 1 1 1 0 
2 1 1 1 1 0 1 1 1 0 
2 1 1 1 1 1 0 1 1 0 
2 1 1 1 1 1 1 0 1 0 
2 1 1 1 1 1 1 1 0 0 
2 2 2 2 2 2 2 2 2 0 
^^fluxo-----
0 1 1 1 1 1 1 1 1 1 
1 0 1 1 1 1 1 1 1 1 
1 1 0 1 1 1 1 1 1 1 
1 1 1 0 1 1 1 1 1 1 
1 1 1 1 0 1 1 1 1 1 
1 1 1 1 1 0 1 1 1 1 
1 1 1 1 1 1 0 1 1 1 
1 1 1 1 1 1 1 0 1 1 
1 1 1 1 1 1 1 1 0 1 
1 1 1 1 1 1 1 1 1 0 
^^grafo-----
0 1 1 1 1 1 1 1 1 1 
0 0 0 0 0 0 0 0 0 1 
0 0 0 0 0 0 0 0 0 1 
0 0 0 0 0 0 0 0 0 1 
0 0 0 0 0 0 0 0 0 1 
0 0 0 0 0 0 0 0 0 1 
0 0 0 0 0 0 0 0 0 1 
0 0 0 0 0 0 0 0 0 1 
0 0 0 0 0 0 0 0 0 1 
0 0 0 0 0 0 0 0 0 0 
^^dif-----
Número de caminhos:  9
Tempo de execucação:  5.359888076782227 ms
