10 0.074400
20 0.142400
30 0.294000
40 0.423200
50 0.704800
60 0.931200
70 1.311000
80 1.688800
90 2.150400
100 2.607000
110 3.198600
120 1.639400
130 1.639400
140 1.901800
150 2.197400
160 2.502400
170 2.816800
180 3.141600
190 3.550200
200 3.897600
210 4.312000
220 4.748800
230 5.202600
240 6.086200
250 6.180000
260 6.618000
270 7.148200
280 7.657400
290 8.263200
300 8.816200
310 9.425800
320 10.055200
330 10.718800
340 11.305600
350 12.068800
360 12.690600
370 13.466200
380 14.061800
390 15.039000
400 15.480000
410 16.569800
420 17.074600
430 18.260600
440 18.779600
450 19.960400
460 20.486400
470 21.786200
480 22.377400
490 23.758400
500 24.229200
510 25.717600
520 26.233600
530 28.022000
540 28.225200
550 30.083800
560 30.406200
570 32.467800
580 32.579600
590 34.925600
600 34.905800
610 37.479600
620 37.432600
630 39.740400
640 40.086400
650 42.400000
660 42.390000
670 45.005400
680 44.779400
690 47.804000
700 47.576400
710 50.627800
720 50.460200
730 53.731600
740 53.154200
750 56.511200
760 56.130000
770 59.498200
780 59.301000
790 62.895000
800 62.015600
810 65.750000
820 65.070400
830 69.205800
840 68.719200
850 72.618400
860 71.580000
870 75.884400
880 75.089800
890 79.575600
900 78.472200
910 83.621200
920 82.223600
930 87.023000
940 85.500800
950 90.821200
960 89.220000
970 94.596400
980 92.674200
990 98.856600
1000 96.852000
