10 0.048200
20 0.106800
30 0.110600
40 0.205400
50 0.327800
60 0.409000
70 0.601000
80 0.993200
90 1.271600
100 1.036600
110 0.980000
120 1.120600
130 1.319600
140 1.521400
150 1.755600
160 1.992600
170 2.260600
180 2.504000
190 2.846000
200 3.124000
210 3.483800
220 3.781000
230 4.186400
240 4.515600
250 4.948000
260 5.287800
270 5.760400
280 6.160800
290 6.660400
300 7.003400
310 7.595800
320 7.973600
330 8.588800
340 8.998400
350 9.671400
360 10.122600
370 10.809600
380 11.228000
390 11.995200
400 12.482800
410 13.313400
420 13.842000
430 15.019600
440 15.018000
450 16.225800
460 16.484000
470 17.610600
480 17.920000
490 19.271600
500 19.453600
510 20.844200
520 21.063000
530 22.502600
540 22.697200
550 24.339800
560 24.424400
570 26.174400
580 26.240600
590 28.022600
600 28.058400
610 29.978200
620 29.890600
630 31.922400
640 32.016000
650 34.100800
660 34.089000
670 36.019200
680 35.943800
690 38.329000
700 38.217800
710 40.753800
720 40.530800
730 43.022800
740 42.818400
750 45.426200
760 45.434600
770 47.928200
780 47.520600
790 50.320200
800 50.224200
810 52.938200
820 52.549400
830 55.506200
840 55.198600
850 58.142200
860 57.983200
870 61.271600
880 60.968400
890 64.185600
900 63.754400
910 67.907200
920 66.600600
930 70.399600
940 69.664000
950 73.601200
960 72.747200
970 76.857400
980 75.636200
990 79.875600
1000 78.770200
