10 0.083400
20 0.108600
30 0.179200
40 0.240800
50 0.405000
60 0.504600
70 0.694400
80 0.982200
90 1.192200
100 1.477800
110 1.663200
120 1.914600
130 2.159000
140 1.072800
150 1.096400
160 1.241800
170 1.407000
180 1.562200
190 1.753000
200 1.933000
210 2.230600
220 2.426200
230 2.686400
240 2.839200
250 3.046000
260 3.251400
270 3.552200
280 3.768400
290 4.094000
300 4.326200
310 4.678800
320 4.914200
330 5.308400
340 5.554800
350 5.971000
360 6.500200
370 6.973000
380 6.964200
390 7.448600
400 7.684600
410 9.010400
420 8.515600
430 9.072600
440 9.312800
450 10.006800
460 10.174600
470 11.035800
480 11.157200
490 11.888400
500 12.068800
510 12.895000
520 13.049200
530 13.908400
540 14.057000
550 14.992000
560 15.115800
570 16.103400
580 16.206200
590 17.374800
600 17.338000
610 18.520200
620 18.519800
630 19.757600
640 19.755200
650 21.006000
660 20.991200
670 22.323200
680 22.398400
690 23.729400
700 23.642400
710 25.090800
720 25.024200
730 26.595600
740 26.336200
750 28.003400
760 27.896200
770 29.434200
780 29.345800
790 30.950200
800 30.679000
810 32.593800
820 32.141800
830 34.406200
840 34.034600
850 35.764600
860 35.602600
870 37.462600
880 37.107200
890 39.274200
900 38.819600
910 41.355400
920 40.489200
930 42.812000
940 42.254600
950 44.758600
960 44.096400
970 46.760400
980 45.898800
990 48.600400
1000 47.826000
