10 0.085400
20 0.077800
30 0.143600
40 0.243400
50 0.362800
60 0.492800
70 0.374800
80 0.337600
90 0.404200
100 0.493200
110 0.595600
120 0.707200
130 1.922200
140 1.473400
150 1.863000
160 1.243600
170 1.412600
180 1.566000
190 1.762600
200 1.937000
210 2.152600
220 2.342400
230 2.586600
240 2.780000
250 3.060200
260 3.256800
270 3.571600
280 3.779800
290 4.109600
300 4.333800
310 4.686800
320 4.937800
330 5.319000
340 5.569000
350 5.991400
360 6.242800
370 6.686600
380 6.964200
390 7.441400
400 7.712800
410 8.226200
420 8.479800
430 9.087400
440 9.314600
450 10.016000
460 10.202600
470 10.929200
480 12.392600
490 12.167200
500 12.337200
510 12.953800
520 13.036000
530 13.933200
540 14.057200
550 14.986200
560 15.139800
570 16.128000
580 16.283200
590 17.296000
600 17.372000
610 18.487200
620 18.551400
630 19.786400
640 19.818600
650 21.065000
660 21.082400
670 22.452800
680 22.367800
690 23.783600
700 23.715200
710 25.235000
720 25.105200
730 26.631600
740 26.509800
750 28.141200
760 27.875600
770 29.499800
780 29.233200
790 31.017800
800 30.869000
810 32.557600
820 32.437000
830 34.496400
840 34.065800
850 36.147600
860 35.636600
870 37.775800
880 37.532400
890 39.552600
900 39.137800
910 41.676000
920 40.872000
930 43.290600
940 42.694400
950 45.042000
960 44.428200
970 47.017800
980 46.493200
990 49.071200
1000 48.351800
