10 0.010000
20 0.009000
30 0.015600
40 0.028400
50 0.037400
60 0.065800
70 0.127000
80 0.169800
90 0.239400
100 0.287400
110 0.346600
120 0.372200
130 0.473200
140 0.509000
150 0.218200
160 0.248000
170 0.282600
180 0.328800
190 0.355600
200 0.387400
210 0.432600
220 0.467400
230 0.516400
240 0.556400
250 0.619800
260 0.657000
270 0.708800
280 0.758800
290 0.819600
300 0.865200
310 0.936600
320 0.988600
330 1.059400
340 1.111800
350 1.192400
360 1.246200
370 1.332400
380 1.393600
390 1.493000
400 1.547600
410 1.652200
420 1.692600
430 1.812600
440 1.863600
450 1.995600
460 2.035600
470 2.189200
480 2.211800
490 2.369200
500 2.403200
510 2.569200
520 2.599200
530 2.779000
540 2.803000
550 3.041000
560 3.030800
570 3.217200
580 3.240200
590 3.447600
600 3.458000
610 3.694400
620 3.718800
630 3.956000
640 3.942200
650 4.196400
660 4.194000
670 4.457400
680 4.447200
690 4.742400
700 4.712800
710 4.996200
720 4.990600
730 5.327000
740 5.270000
750 5.601600
760 5.583200
770 5.913400
780 5.781200
790 6.190800
800 6.075600
810 6.579600
820 6.394400
830 6.802200
840 6.721600
850 7.196800
860 7.062400
870 7.545400
880 7.389400
890 7.812800
900 7.739600
910 8.395200
920 8.128800
930 8.656400
940 8.523400
950 9.116200
960 8.880200
970 9.328800
980 9.327800
990 9.911600
1000 9.544600
